15:56:31:356  INFO 9888 --- [main] com.cc.item.ItemApplication              : The following 1 profile is active: "dev"
15:56:33:102  INFO 9888 --- [main] .s.d.r.c.RepositoryConfigurationDelegate : Multiple Spring Data modules found, entering strict repository configuration mode
15:56:33:110  INFO 9888 --- [main] .s.d.r.c.RepositoryConfigurationDelegate : Bootstrapping Spring Data Redis repositories in DEFAULT mode.
15:56:33:180  INFO 9888 --- [main] .s.d.r.c.RepositoryConfigurationDelegate : Finished Spring Data repository scanning in 32 ms. Found 0 Redis repository interfaces.
15:56:33:684  INFO 9888 --- [main] o.s.cloud.context.scope.GenericScope     : BeanFactory id=5d63afd2-614a-31ca-ba63-deedd60bf5b6
15:56:34:740  INFO 9888 --- [main] o.s.b.w.embedded.tomcat.TomcatWebServer  : Tomcat initialized with port(s): 8082 (http)
15:56:34:742  INFO 9888 --- [main] o.a.catalina.core.AprLifecycleListener   : Loaded Apache Tomcat Native library [1.2.39] using APR version [1.7.4].
15:56:34:742  INFO 9888 --- [main] o.a.catalina.core.AprLifecycleListener   : APR capabilities: IPv6 [true], sendfile [true], accept filters [false], random [true], UDS [true].
15:56:34:742  INFO 9888 --- [main] o.a.catalina.core.AprLifecycleListener   : APR/OpenSSL configuration: useAprConnector [false], useOpenSSL [true]
15:56:34:772  INFO 9888 --- [main] o.a.catalina.core.AprLifecycleListener   : OpenSSL successfully initialized [OpenSSL 3.0.11 19 Sep 2023]
15:56:34:793  INFO 9888 --- [main] o.apache.catalina.core.StandardService   : Starting service [Tomcat]
15:56:34:793  INFO 9888 --- [main] org.apache.catalina.core.StandardEngine  : Starting Servlet engine: [Apache Tomcat/9.0.75]
15:56:35:087  INFO 9888 --- [main] o.a.c.c.C.[Tomcat].[localhost].[/]       : Initializing Spring embedded WebApplicationContext
15:56:35:088  INFO 9888 --- [main] w.s.c.ServletWebServerApplicationContext : Root WebApplicationContext: initialization completed in 3699 ms
15:56:37:935  INFO 9888 --- [main] pertySourcedRequestMappingHandlerMapping : Mapped URL path [/v2/api-docs] onto method [springfox.documentation.swagger2.web.Swagger2ControllerWebMvc#getDocumentation(String, HttpServletRequest)]
15:56:38:714  INFO 9888 --- [main] com.alibaba.nacos.common.remote.client   : [RpcClientFactory] create a new rpc client of 77d1718b-c72f-4d52-9b70-1cd56ee1865d
15:56:38:715  INFO 9888 --- [main] com.alibaba.nacos.common.remote.client   : [77d1718b-c72f-4d52-9b70-1cd56ee1865d] RpcClient init label, labels = {module=naming, source=sdk}
15:56:38:718  INFO 9888 --- [main] com.alibaba.nacos.common.remote.client   : [77d1718b-c72f-4d52-9b70-1cd56ee1865d] RpcClient init, ServerListFactory = com.alibaba.nacos.client.naming.core.ServerListManager
15:56:38:719  INFO 9888 --- [main] com.alibaba.nacos.common.remote.client   : [77d1718b-c72f-4d52-9b70-1cd56ee1865d] Registry connection listener to current client:com.alibaba.nacos.client.naming.remote.gprc.redo.NamingGrpcRedoService
15:56:38:720  INFO 9888 --- [main] com.alibaba.nacos.common.remote.client   : [77d1718b-c72f-4d52-9b70-1cd56ee1865d] Register server push request handler:com.alibaba.nacos.client.naming.remote.gprc.NamingPushRequestHandler
15:56:38:720  INFO 9888 --- [main] com.alibaba.nacos.common.remote.client   : [77d1718b-c72f-4d52-9b70-1cd56ee1865d] Try to connect to server on start up, server: {serverIp = '192.168.245.128', server main port = 8848}
15:56:38:847  INFO 9888 --- [main] com.alibaba.nacos.common.remote.client   : [77d1718b-c72f-4d52-9b70-1cd56ee1865d] Success to connect to server [192.168.245.128:8848] on start up, connectionId = 1742802998843_192.168.245.1_55608
15:56:38:847  INFO 9888 --- [com.alibaba.nacos.client.remote.worker] com.alibaba.nacos.common.remote.client   : [77d1718b-c72f-4d52-9b70-1cd56ee1865d] Notify connected event to listeners.
15:56:38:847  INFO 9888 --- [main] com.alibaba.nacos.common.remote.client   : [77d1718b-c72f-4d52-9b70-1cd56ee1865d] Register server push request handler:com.alibaba.nacos.common.remote.client.RpcClient$ConnectResetRequestHandler
15:56:38:847  INFO 9888 --- [main] com.alibaba.nacos.common.remote.client   : [77d1718b-c72f-4d52-9b70-1cd56ee1865d] Register server push request handler:com.alibaba.nacos.common.remote.client.RpcClient$$Lambda$483/0x000001f1b04d6350
15:56:38:989  INFO 9888 --- [main] o.s.b.w.embedded.tomcat.TomcatWebServer  : Tomcat started on port(s): 8082 (http) with context path ''
15:56:39:023  INFO 9888 --- [main] c.a.c.n.registry.NacosServiceRegistry    : nacos registry, DEFAULT_GROUP item-service 192.168.245.1:8082 register finished
15:56:39:256  INFO 9888 --- [main] d.s.w.p.DocumentationPluginsBootstrapper : Documentation plugins bootstrapped
15:56:39:260  INFO 9888 --- [main] d.s.w.p.DocumentationPluginsBootstrapper : Found 1 custom documentation plugin(s)
15:56:39:306  INFO 9888 --- [main] s.d.s.w.s.ApiListingReferenceScanner     : Scanning for api listing references
15:56:39:451  INFO 9888 --- [main] com.cc.item.ItemApplication              : Started ItemApplication in 12.978 seconds (JVM running for 14.412)
15:56:39:461  INFO 9888 --- [main] c.a.c.n.refresh.NacosContextRefresher    : [Nacos Config] Listening config: dataId=item-service-dev.yaml, group=DEFAULT_GROUP
15:56:39:462  INFO 9888 --- [main] c.a.c.n.refresh.NacosContextRefresher    : [Nacos Config] Listening config: dataId=item-service.yaml, group=DEFAULT_GROUP
15:56:39:462  INFO 9888 --- [main] c.a.c.n.refresh.NacosContextRefresher    : [Nacos Config] Listening config: dataId=item-service, group=DEFAULT_GROUP
15:56:39:491  INFO 9888 --- [nacos-grpc-client-executor-6] com.alibaba.nacos.common.remote.client   : [77d1718b-c72f-4d52-9b70-1cd56ee1865d] Receive server push request, request = NotifySubscriberRequest, requestId = 1
15:56:39:504  INFO 9888 --- [nacos-grpc-client-executor-6] com.alibaba.nacos.common.remote.client   : [77d1718b-c72f-4d52-9b70-1cd56ee1865d] Ack server push request, request = NotifySubscriberRequest, requestId = 1
15:57:06:200  INFO 9888 --- [http-nio-8082-exec-1] o.a.c.c.C.[Tomcat].[localhost].[/]       : Initializing Spring DispatcherServlet 'dispatcherServlet'
15:57:06:200  INFO 9888 --- [http-nio-8082-exec-1] o.s.web.servlet.DispatcherServlet        : Initializing Servlet 'dispatcherServlet'
15:57:06:202  INFO 9888 --- [http-nio-8082-exec-1] o.s.web.servlet.DispatcherServlet        : Completed initialization in 2 ms
23:20:23:450  WARN 9888 --- [Thread-5] c.a.nacos.common.notify.NotifyCenter     : [NotifyCenter] Start destroying Publisher
23:20:23:450  WARN 9888 --- [Thread-1] c.a.n.common.http.HttpClientBeanHolder   : [HttpClientBeanHolder] Start destroying common HttpClient
23:20:23:472  WARN 9888 --- [Thread-5] c.a.nacos.common.notify.NotifyCenter     : [NotifyCenter] Destruction of the end
23:20:23:495  WARN 9888 --- [Thread-1] c.a.n.common.http.HttpClientBeanHolder   : [HttpClientBeanHolder] Destruction of the end
23:20:23:954  INFO 9888 --- [SpringApplicationShutdownHook] c.a.c.n.registry.NacosServiceRegistry    : De-registering from Nacos Server now...
23:20:23:968  INFO 9888 --- [SpringApplicationShutdownHook] c.a.c.n.registry.NacosServiceRegistry    : De-registration finished.
23:20:24:293  INFO 9888 --- [SpringApplicationShutdownHook] com.alibaba.nacos.common.remote.client   : Shutdown rpc client, set status to shutdown
23:20:24:294  INFO 9888 --- [SpringApplicationShutdownHook] com.alibaba.nacos.common.remote.client   : Shutdown client event executor java.util.concurrent.ScheduledThreadPoolExecutor@55a03cc7[Running, pool size = 2, active threads = 2, queued tasks = 0, completed tasks = 0]
23:20:24:294  INFO 9888 --- [SpringApplicationShutdownHook] com.alibaba.nacos.common.remote.client   : Close current connection 1742802998843_192.168.245.1_55608
23:20:24:297  INFO 9888 --- [nacos-grpc-client-executor-5025] c.a.n.c.remote.client.grpc.GrpcClient    : [1742802998843_192.168.245.1_55608]Ignore complete event,isRunning:false,isAbandon=false
23:20:24:336  INFO 9888 --- [SpringApplicationShutdownHook] c.a.n.c.remote.client.grpc.GrpcClient    : Shutdown grpc executor java.util.concurrent.ThreadPoolExecutor@17e31114[Running, pool size = 5, active threads = 0, queued tasks = 0, completed tasks = 5026]
